app/build/intermediates/manifest_merge_blame_file/debug/manifest-merger-blame-debug-report.txt
1<?xml version="1.0" encoding="utf-8"?>
2<manifest xmlns:android="http://schemas.android.com/apk/res/android"
3    package="redbull.ecard"
4    android:versionCode="1"
5    android:versionName="1.0" >
6
7    <uses-sdk
8        android:minSdkVersion="23"
8-->src\main\AndroidManifest.xml
9        android:targetSdkVersion="30" />
9-->src\main\AndroidManifest.xml
10
11    <uses-permission android:name="android.permission.ACCESS_NETWORK_STATE" />
11-->[com.firebaseui:firebase-ui-auth:6.4.0] AndroidManifest.xml:12:5-79
11-->[com.firebaseui:firebase-ui-auth:6.4.0] AndroidManifest.xml:12:22-76
12    <uses-permission android:name="android.permission.INTERNET" />
12-->[com.firebaseui:firebase-ui-auth:6.4.0] AndroidManifest.xml:13:5-67
12-->[com.firebaseui:firebase-ui-auth:6.4.0] AndroidManifest.xml:13:22-64
13    <uses-permission android:name="android.permission.WAKE_LOCK" />
13-->[com.google.android.gms:play-services-measurement:18.0.2] AndroidManifest.xml:25:5-68
13-->[com.google.android.gms:play-services-measurement:18.0.2] AndroidManifest.xml:25:22-65
14    <uses-permission android:name="com.google.android.finsky.permission.BIND_GET_INSTALL_REFERRER_SERVICE" />
14-->[com.google.android.gms:play-services-measurement:18.0.2] AndroidManifest.xml:26:5-110
14-->[com.google.android.gms:play-services-measurement:18.0.2] AndroidManifest.xml:26:22-107
15
16    <application
16-->src\main\AndroidManifest.xml:5:5-30:19
17        android:allowBackup="true"
17-->src\main\AndroidManifest.xml:6:9-35
18        android:appComponentFactory="androidx.core.app.CoreComponentFactory"
18-->[androidx.core:core:1.3.1] AndroidManifest.xml:24:18-86
19        android:debuggable="true"
20        android:extractNativeLibs="false"
21        android:icon="@mipmap/ic_launcher"
21-->src\main\AndroidManifest.xml:7:9-43
22        android:label="@string/app_name"
22-->src\main\AndroidManifest.xml:8:9-41
23        android:roundIcon="@mipmap/ic_launcher_round"
23-->src\main\AndroidManifest.xml:9:9-54
24        android:supportsRtl="true"
24-->src\main\AndroidManifest.xml:10:9-35
25        android:testOnly="true"
26        android:theme="@style/Theme.Ecard" >
26-->src\main\AndroidManifest.xml:11:9-43
27        <service
27-->src\main\AndroidManifest.xml:12:9-16:19
28            android:name="redbull.ecard.UILayer.QuitService"
28-->src\main\AndroidManifest.xml:13:13-48
29            android:stopWithTask="true" >
29-->src\main\AndroidManifest.xml:14:13-40
30        </service>
31
32        <activity
32-->src\main\AndroidManifest.xml:17:9-25:20
33            android:name="redbull.ecard.UILayer.login.LoginActivity"
33-->src\main\AndroidManifest.xml:18:13-56
34            android:theme="@style/Theme.Ecard.NoActionBar" >
34-->src\main\AndroidManifest.xml:19:13-59
35            <intent-filter>
35-->src\main\AndroidManifest.xml:20:13-24:29
36                <action android:name="android.intent.action.MAIN" />
36-->src\main\AndroidManifest.xml:21:17-69
36-->src\main\AndroidManifest.xml:21:25-66
37
38                <category android:name="android.intent.category.LAUNCHER" />
38-->src\main\AndroidManifest.xml:23:17-77
38-->src\main\AndroidManifest.xml:23:27-74
39            </intent-filter>
40        </activity>
41        <activity
41-->src\main\AndroidManifest.xml:26:9-29:20
42            android:name="redbull.ecard.MainActivity"
42-->src\main\AndroidManifest.xml:27:13-41
43            android:label="@string/app_name" >
43-->src\main\AndroidManifest.xml:28:13-45
44        </activity>
45
46        <meta-data
46-->[com.firebaseui:firebase-ui-auth:6.4.0] AndroidManifest.xml:16:9-18:69
47            android:name="com.google.android.gms.version"
47-->[com.firebaseui:firebase-ui-auth:6.4.0] AndroidManifest.xml:17:13-58
48            android:value="@integer/google_play_services_version" />
48-->[com.firebaseui:firebase-ui-auth:6.4.0] AndroidManifest.xml:18:13-66
49        <meta-data
49-->[com.firebaseui:firebase-ui-auth:6.4.0] AndroidManifest.xml:19:9-21:63
50            android:name="com.facebook.sdk.ApplicationId"
50-->[com.firebaseui:firebase-ui-auth:6.4.0] AndroidManifest.xml:20:13-58
51            android:value="@string/facebook_application_id" />
51-->[com.firebaseui:firebase-ui-auth:6.4.0] AndroidManifest.xml:21:13-60
52
53        <activity
53-->[com.firebaseui:firebase-ui-auth:6.4.0] AndroidManifest.xml:23:9-27:61
54            android:name="com.firebase.ui.auth.KickoffActivity"
54-->[com.firebaseui:firebase-ui-auth:6.4.0] AndroidManifest.xml:24:13-64
55            android:exported="false"
55-->[com.firebaseui:firebase-ui-auth:6.4.0] AndroidManifest.xml:25:13-37
56            android:label=""
56-->[com.firebaseui:firebase-ui-auth:6.4.0] AndroidManifest.xml:26:13-29
57            android:theme="@style/FirebaseUI.Transparent" />
57-->[com.firebaseui:firebase-ui-auth:6.4.0] AndroidManifest.xml:27:13-58
58        <activity
58-->[com.firebaseui:firebase-ui-auth:6.4.0] AndroidManifest.xml:28:9-32:61
59            android:name="com.firebase.ui.auth.ui.idp.SingleSignInActivity"
59-->[com.firebaseui:firebase-ui-auth:6.4.0] AndroidManifest.xml:29:13-76
60            android:exported="false"
60-->[com.firebaseui:firebase-ui-auth:6.4.0] AndroidManifest.xml:30:13-37
61            android:label=""
61-->[com.firebaseui:firebase-ui-auth:6.4.0] AndroidManifest.xml:31:13-29
62            android:theme="@style/FirebaseUI.Transparent" />
62-->[com.firebaseui:firebase-ui-auth:6.4.0] AndroidManifest.xml:32:13-58
63        <activity
63-->[com.firebaseui:firebase-ui-auth:6.4.0] AndroidManifest.xml:33:9-37:61
64            android:name="com.firebase.ui.auth.ui.credentials.CredentialSaveActivity"
64-->[com.firebaseui:firebase-ui-auth:6.4.0] AndroidManifest.xml:34:13-86
65            android:exported="false"
65-->[com.firebaseui:firebase-ui-auth:6.4.0] AndroidManifest.xml:35:13-37
66            android:label=""
66-->[com.firebaseui:firebase-ui-auth:6.4.0] AndroidManifest.xml:36:13-29
67            android:theme="@style/FirebaseUI.Transparent" />
67-->[com.firebaseui:firebase-ui-auth:6.4.0] AndroidManifest.xml:37:13-58
68        <activity
68-->[com.firebaseui:firebase-ui-auth:6.4.0] AndroidManifest.xml:38:9-42:58
69            android:name="com.firebase.ui.auth.ui.email.RecoverPasswordActivity"
69-->[com.firebaseui:firebase-ui-auth:6.4.0] AndroidManifest.xml:39:13-81
70            android:exported="false"
70-->[com.firebaseui:firebase-ui-auth:6.4.0] AndroidManifest.xml:40:13-37
71            android:label="@string/fui_title_recover_password_activity"
71-->[com.firebaseui:firebase-ui-auth:6.4.0] AndroidManifest.xml:41:13-72
72            android:windowSoftInputMode="adjustResize" />
72-->[com.firebaseui:firebase-ui-auth:6.4.0] AndroidManifest.xml:42:13-55
73        <activity
73-->[com.firebaseui:firebase-ui-auth:6.4.0] AndroidManifest.xml:43:9-47:58
74            android:name="com.firebase.ui.auth.ui.email.EmailActivity"
74-->[com.firebaseui:firebase-ui-auth:6.4.0] AndroidManifest.xml:44:13-71
75            android:exported="false"
75-->[com.firebaseui:firebase-ui-auth:6.4.0] AndroidManifest.xml:45:13-37
76            android:label="@string/fui_sign_in_default"
76-->[com.firebaseui:firebase-ui-auth:6.4.0] AndroidManifest.xml:46:13-56
77            android:windowSoftInputMode="adjustResize" />
77-->[com.firebaseui:firebase-ui-auth:6.4.0] AndroidManifest.xml:47:13-55
78        <activity
78-->[com.firebaseui:firebase-ui-auth:6.4.0] AndroidManifest.xml:48:9-52:77
79            android:name="com.firebase.ui.auth.ui.phone.PhoneActivity"
79-->[com.firebaseui:firebase-ui-auth:6.4.0] AndroidManifest.xml:49:13-71
80            android:exported="false"
80-->[com.firebaseui:firebase-ui-auth:6.4.0] AndroidManifest.xml:50:13-37
81            android:label="@string/fui_sign_in_with_phone_number"
81-->[com.firebaseui:firebase-ui-auth:6.4.0] AndroidManifest.xml:51:13-66
82            android:windowSoftInputMode="adjustResize|stateAlwaysVisible" />
82-->[com.firebaseui:firebase-ui-auth:6.4.0] AndroidManifest.xml:52:13-74
83        <activity
83-->[com.firebaseui:firebase-ui-auth:6.4.0] AndroidManifest.xml:53:9-57:58
84            android:name="com.firebase.ui.auth.ui.idp.WelcomeBackIdpPrompt"
84-->[com.firebaseui:firebase-ui-auth:6.4.0] AndroidManifest.xml:54:13-76
85            android:exported="false"
85-->[com.firebaseui:firebase-ui-auth:6.4.0] AndroidManifest.xml:55:13-37
86            android:label="@string/fui_title_welcome_back_idp_prompt"
86-->[com.firebaseui:firebase-ui-auth:6.4.0] AndroidManifest.xml:56:13-70
87            android:windowSoftInputMode="adjustResize" />
87-->[com.firebaseui:firebase-ui-auth:6.4.0] AndroidManifest.xml:57:13-55
88        <activity
88-->[com.firebaseui:firebase-ui-auth:6.4.0] AndroidManifest.xml:58:9-62:58
89            android:name="com.firebase.ui.auth.ui.email.WelcomeBackPasswordPrompt"
89-->[com.firebaseui:firebase-ui-auth:6.4.0] AndroidManifest.xml:59:13-83
90            android:exported="false"
90-->[com.firebaseui:firebase-ui-auth:6.4.0] AndroidManifest.xml:60:13-37
91            android:label="@string/fui_title_welcome_back_password_prompt"
91-->[com.firebaseui:firebase-ui-auth:6.4.0] AndroidManifest.xml:61:13-75
92            android:windowSoftInputMode="adjustResize" />
92-->[com.firebaseui:firebase-ui-auth:6.4.0] AndroidManifest.xml:62:13-55
93        <activity
93-->[com.firebaseui:firebase-ui-auth:6.4.0] AndroidManifest.xml:63:9-67:58
94            android:name="com.firebase.ui.auth.ui.email.WelcomeBackEmailLinkPrompt"
94-->[com.firebaseui:firebase-ui-auth:6.4.0] AndroidManifest.xml:64:13-84
95            android:exported="false"
95-->[com.firebaseui:firebase-ui-auth:6.4.0] AndroidManifest.xml:65:13-37
96            android:label="@string/fui_title_welcome_back_password_prompt"
96-->[com.firebaseui:firebase-ui-auth:6.4.0] AndroidManifest.xml:66:13-75
97            android:windowSoftInputMode="adjustResize" />
97-->[com.firebaseui:firebase-ui-auth:6.4.0] AndroidManifest.xml:67:13-55
98        <activity
98-->[com.firebaseui:firebase-ui-auth:6.4.0] AndroidManifest.xml:68:9-73:58
99            android:name="com.firebase.ui.auth.ui.email.EmailLinkCatcherActivity"
99-->[com.firebaseui:firebase-ui-auth:6.4.0] AndroidManifest.xml:69:13-82
100            android:exported="false"
100-->[com.firebaseui:firebase-ui-auth:6.4.0] AndroidManifest.xml:70:13-37
101            android:label=""
101-->[com.firebaseui:firebase-ui-auth:6.4.0] AndroidManifest.xml:71:13-29
102            android:theme="@style/FirebaseUI.Transparent"
102-->[com.firebaseui:firebase-ui-auth:6.4.0] AndroidManifest.xml:72:13-58
103            android:windowSoftInputMode="adjustResize" />
103-->[com.firebaseui:firebase-ui-auth:6.4.0] AndroidManifest.xml:73:13-55
104        <activity
104-->[com.firebaseui:firebase-ui-auth:6.4.0] AndroidManifest.xml:74:9-78:58
105            android:name="com.firebase.ui.auth.ui.email.EmailLinkErrorRecoveryActivity"
105-->[com.firebaseui:firebase-ui-auth:6.4.0] AndroidManifest.xml:75:13-88
106            android:exported="false"
106-->[com.firebaseui:firebase-ui-auth:6.4.0] AndroidManifest.xml:76:13-37
107            android:label="@string/fui_sign_in_default"
107-->[com.firebaseui:firebase-ui-auth:6.4.0] AndroidManifest.xml:77:13-56
108            android:windowSoftInputMode="adjustResize" />
108-->[com.firebaseui:firebase-ui-auth:6.4.0] AndroidManifest.xml:78:13-55
109        <activity
109-->[com.firebaseui:firebase-ui-auth:6.4.0] AndroidManifest.xml:79:9-82:65
110            android:name="com.firebase.ui.auth.ui.idp.AuthMethodPickerActivity"
110-->[com.firebaseui:firebase-ui-auth:6.4.0] AndroidManifest.xml:80:13-80
111            android:exported="false"
111-->[com.firebaseui:firebase-ui-auth:6.4.0] AndroidManifest.xml:81:13-37
112            android:label="@string/fui_default_toolbar_title" />
112-->[com.firebaseui:firebase-ui-auth:6.4.0] AndroidManifest.xml:82:13-62
113        <activity
113-->[com.firebaseui:firebase-ui-auth:6.4.0] AndroidManifest.xml:83:9-87:48
114            android:name="com.facebook.FacebookActivity"
114-->[com.firebaseui:firebase-ui-auth:6.4.0] AndroidManifest.xml:84:13-57
115            android:configChanges="keyboard|keyboardHidden|screenLayout|screenSize|orientation"
115-->[com.firebaseui:firebase-ui-auth:6.4.0] AndroidManifest.xml:85:13-96
116            android:label="@string/app_name" />
116-->[com.firebaseui:firebase-ui-auth:6.4.0] AndroidManifest.xml:86:13-45
117        <activity
117-->[com.firebaseui:firebase-ui-auth:6.4.0] AndroidManifest.xml:88:9-100:20
118            android:name="com.facebook.CustomTabActivity"
118-->[com.firebaseui:firebase-ui-auth:6.4.0] AndroidManifest.xml:89:13-58
119            android:exported="true" >
119-->[com.firebaseui:firebase-ui-auth:6.4.0] AndroidManifest.xml:90:13-36
120            <intent-filter>
120-->[com.firebaseui:firebase-ui-auth:6.4.0] AndroidManifest.xml:92:13-99:29
121                <action android:name="android.intent.action.VIEW" />
121-->[com.firebaseui:firebase-ui-auth:6.4.0] AndroidManifest.xml:93:17-69
121-->[com.firebaseui:firebase-ui-auth:6.4.0] AndroidManifest.xml:93:25-66
122
123                <category android:name="android.intent.category.DEFAULT" />
123-->[com.firebaseui:firebase-ui-auth:6.4.0] AndroidManifest.xml:95:17-76
123-->[com.firebaseui:firebase-ui-auth:6.4.0] AndroidManifest.xml:95:27-73
124                <category android:name="android.intent.category.BROWSABLE" />
124-->[com.firebaseui:firebase-ui-auth:6.4.0] AndroidManifest.xml:96:17-78
124-->[com.firebaseui:firebase-ui-auth:6.4.0] AndroidManifest.xml:96:27-75
125
126                <data android:scheme="@string/facebook_login_protocol_scheme" />
126-->[com.firebaseui:firebase-ui-auth:6.4.0] AndroidManifest.xml:98:17-81
126-->[com.firebaseui:firebase-ui-auth:6.4.0] AndroidManifest.xml:98:23-78
127            </intent-filter>
128        </activity>
129
130        <provider
130-->[com.firebaseui:firebase-ui-auth:6.4.0] AndroidManifest.xml:102:9-106:38
131            android:name="com.firebase.ui.auth.data.client.AuthUiInitProvider"
131-->[com.firebaseui:firebase-ui-auth:6.4.0] AndroidManifest.xml:103:13-79
132            android:authorities="redbull.ecard.authuiinitprovider"
132-->[com.firebaseui:firebase-ui-auth:6.4.0] AndroidManifest.xml:104:13-70
133            android:exported="false"
133-->[com.firebaseui:firebase-ui-auth:6.4.0] AndroidManifest.xml:105:13-37
134            android:initOrder="90" />
134-->[com.firebaseui:firebase-ui-auth:6.4.0] AndroidManifest.xml:106:13-35
135
136        <service
136-->[com.google.firebase:firebase-firestore:22.1.0] AndroidManifest.xml:17:9-23:19
137            android:name="com.google.firebase.components.ComponentDiscoveryService"
137-->[com.google.firebase:firebase-firestore:22.1.0] AndroidManifest.xml:18:13-84
138            android:directBootAware="true"
138-->[com.google.firebase:firebase-common:19.5.0] AndroidManifest.xml:35:13-43
139            android:exported="false" >
139-->[com.google.firebase:firebase-firestore:22.1.0] AndroidManifest.xml:19:13-37
140            <meta-data
140-->[com.google.firebase:firebase-firestore:22.1.0] AndroidManifest.xml:20:13-22:85
141                android:name="com.google.firebase.components:com.google.firebase.firestore.FirestoreRegistrar"
141-->[com.google.firebase:firebase-firestore:22.1.0] AndroidManifest.xml:21:17-111
142                android:value="com.google.firebase.components.ComponentRegistrar" />
142-->[com.google.firebase:firebase-firestore:22.1.0] AndroidManifest.xml:22:17-82
143            <meta-data
143-->[com.google.firebase:firebase-auth:20.0.2] AndroidManifest.xml:77:13-79:85
144                android:name="com.google.firebase.components:com.google.firebase.auth.FirebaseAuthRegistrar"
144-->[com.google.firebase:firebase-auth:20.0.2] AndroidManifest.xml:78:17-109
145                android:value="com.google.firebase.components.ComponentRegistrar" />
145-->[com.google.firebase:firebase-auth:20.0.2] AndroidManifest.xml:79:17-82
146            <meta-data
146-->[com.google.android.gms:play-services-measurement-api:18.0.2] AndroidManifest.xml:30:13-32:85
147                android:name="com.google.firebase.components:com.google.firebase.analytics.connector.internal.AnalyticsConnectorRegistrar"
147-->[com.google.android.gms:play-services-measurement-api:18.0.2] AndroidManifest.xml:31:17-139
148                android:value="com.google.firebase.components.ComponentRegistrar" />
148-->[com.google.android.gms:play-services-measurement-api:18.0.2] AndroidManifest.xml:32:17-82
149            <meta-data
149-->[com.google.firebase:firebase-installations:16.3.5] AndroidManifest.xml:18:13-20:85
150                android:name="com.google.firebase.components:com.google.firebase.installations.FirebaseInstallationsRegistrar"
150-->[com.google.firebase:firebase-installations:16.3.5] AndroidManifest.xml:19:17-127
151                android:value="com.google.firebase.components.ComponentRegistrar" />
151-->[com.google.firebase:firebase-installations:16.3.5] AndroidManifest.xml:20:17-82
152            <!--
153                This registrar is not defined in the dynamic-module-support sdk itself to allow non-firebase
154                clients to use it as well, by defining this registrar in their own core/common library.
155            -->
156            <meta-data
156-->[com.google.firebase:firebase-common:19.5.0] AndroidManifest.xml:43:13-45:85
157                android:name="com.google.firebase.components:com.google.firebase.dynamicloading.DynamicLoadingRegistrar"
157-->[com.google.firebase:firebase-common:19.5.0] AndroidManifest.xml:44:17-121
158                android:value="com.google.firebase.components.ComponentRegistrar" />
158-->[com.google.firebase:firebase-common:19.5.0] AndroidManifest.xml:45:17-82
159        </service>
160
161        <activity
161-->[com.google.firebase:firebase-auth:20.0.2] AndroidManifest.xml:27:9-44:20
162            android:name="com.google.firebase.auth.internal.GenericIdpActivity"
162-->[com.google.firebase:firebase-auth:20.0.2] AndroidManifest.xml:28:13-80
163            android:excludeFromRecents="true"
163-->[com.google.firebase:firebase-auth:20.0.2] AndroidManifest.xml:29:13-46
164            android:exported="true"
164-->[com.google.firebase:firebase-auth:20.0.2] AndroidManifest.xml:30:13-36
165            android:launchMode="singleTask"
165-->[com.google.firebase:firebase-auth:20.0.2] AndroidManifest.xml:31:13-44
166            android:theme="@android:style/Theme.Translucent.NoTitleBar" >
166-->[com.google.firebase:firebase-auth:20.0.2] AndroidManifest.xml:32:13-72
167            <intent-filter>
167-->[com.google.firebase:firebase-auth:20.0.2] AndroidManifest.xml:33:13-43:29
168                <action android:name="android.intent.action.VIEW" />
168-->[com.firebaseui:firebase-ui-auth:6.4.0] AndroidManifest.xml:93:17-69
168-->[com.firebaseui:firebase-ui-auth:6.4.0] AndroidManifest.xml:93:25-66
169
170                <category android:name="android.intent.category.DEFAULT" />
170-->[com.firebaseui:firebase-ui-auth:6.4.0] AndroidManifest.xml:95:17-76
170-->[com.firebaseui:firebase-ui-auth:6.4.0] AndroidManifest.xml:95:27-73
171                <category android:name="android.intent.category.BROWSABLE" />
171-->[com.firebaseui:firebase-ui-auth:6.4.0] AndroidManifest.xml:96:17-78
171-->[com.firebaseui:firebase-ui-auth:6.4.0] AndroidManifest.xml:96:27-75
172
173                <data
173-->[com.firebaseui:firebase-ui-auth:6.4.0] AndroidManifest.xml:98:17-81
174                    android:host="firebase.auth"
175                    android:path="/"
176                    android:scheme="genericidp" />
176-->[com.firebaseui:firebase-ui-auth:6.4.0] AndroidManifest.xml:98:23-78
177            </intent-filter>
178        </activity>
179        <activity
179-->[com.google.firebase:firebase-auth:20.0.2] AndroidManifest.xml:45:9-62:20
180            android:name="com.google.firebase.auth.internal.RecaptchaActivity"
180-->[com.google.firebase:firebase-auth:20.0.2] AndroidManifest.xml:46:13-79
181            android:excludeFromRecents="true"
181-->[com.google.firebase:firebase-auth:20.0.2] AndroidManifest.xml:47:13-46
182            android:exported="true"
182-->[com.google.firebase:firebase-auth:20.0.2] AndroidManifest.xml:48:13-36
183            android:launchMode="singleTask"
183-->[com.google.firebase:firebase-auth:20.0.2] AndroidManifest.xml:49:13-44
184            android:theme="@android:style/Theme.Translucent.NoTitleBar" >
184-->[com.google.firebase:firebase-auth:20.0.2] AndroidManifest.xml:50:13-72
185            <intent-filter>
185-->[com.google.firebase:firebase-auth:20.0.2] AndroidManifest.xml:51:13-61:29
186                <action android:name="android.intent.action.VIEW" />
186-->[com.firebaseui:firebase-ui-auth:6.4.0] AndroidManifest.xml:93:17-69
186-->[com.firebaseui:firebase-ui-auth:6.4.0] AndroidManifest.xml:93:25-66
187
188                <category android:name="android.intent.category.DEFAULT" />
188-->[com.firebaseui:firebase-ui-auth:6.4.0] AndroidManifest.xml:95:17-76
188-->[com.firebaseui:firebase-ui-auth:6.4.0] AndroidManifest.xml:95:27-73
189                <category android:name="android.intent.category.BROWSABLE" />
189-->[com.firebaseui:firebase-ui-auth:6.4.0] AndroidManifest.xml:96:17-78
189-->[com.firebaseui:firebase-ui-auth:6.4.0] AndroidManifest.xml:96:27-75
190
191                <data
191-->[com.firebaseui:firebase-ui-auth:6.4.0] AndroidManifest.xml:98:17-81
192                    android:host="firebase.auth"
193                    android:path="/"
194                    android:scheme="recaptcha" />
194-->[com.firebaseui:firebase-ui-auth:6.4.0] AndroidManifest.xml:98:23-78
195            </intent-filter>
196        </activity>
197
198        <service
198-->[com.google.firebase:firebase-auth:20.0.2] AndroidManifest.xml:64:9-73:19
199            android:name="com.google.firebase.auth.api.fallback.service.FirebaseAuthFallbackService"
199-->[com.google.firebase:firebase-auth:20.0.2] AndroidManifest.xml:65:13-101
200            android:enabled="true"
200-->[com.google.firebase:firebase-auth:20.0.2] AndroidManifest.xml:66:13-35
201            android:exported="false" >
201-->[com.google.firebase:firebase-auth:20.0.2] AndroidManifest.xml:67:13-37
202            <intent-filter>
202-->[com.google.firebase:firebase-auth:20.0.2] AndroidManifest.xml:68:13-72:29
203                <action android:name="com.google.firebase.auth.api.gms.service.START" />
203-->[com.google.firebase:firebase-auth:20.0.2] AndroidManifest.xml:69:17-89
203-->[com.google.firebase:firebase-auth:20.0.2] AndroidManifest.xml:69:25-86
204
205                <category android:name="android.intent.category.DEFAULT" />
205-->[com.firebaseui:firebase-ui-auth:6.4.0] AndroidManifest.xml:95:17-76
205-->[com.firebaseui:firebase-ui-auth:6.4.0] AndroidManifest.xml:95:27-73
206            </intent-filter>
207        </service>
208
209        <activity
209-->[com.google.android.gms:play-services-auth:17.0.0] AndroidManifest.xml:23:9-27:75
210            android:name="com.google.android.gms.auth.api.signin.internal.SignInHubActivity"
210-->[com.google.android.gms:play-services-auth:17.0.0] AndroidManifest.xml:24:13-93
211            android:excludeFromRecents="true"
211-->[com.google.android.gms:play-services-auth:17.0.0] AndroidManifest.xml:25:13-46
212            android:exported="false"
212-->[com.google.android.gms:play-services-auth:17.0.0] AndroidManifest.xml:26:13-37
213            android:theme="@android:style/Theme.Translucent.NoTitleBar" />
213-->[com.google.android.gms:play-services-auth:17.0.0] AndroidManifest.xml:27:13-72
214        <!--
215            Service handling Google Sign-In user revocation. For apps that do not integrate with
216            Google Sign-In, this service will never be started.
217        -->
218        <service
218-->[com.google.android.gms:play-services-auth:17.0.0] AndroidManifest.xml:33:9-36:110
219            android:name="com.google.android.gms.auth.api.signin.RevocationBoundService"
219-->[com.google.android.gms:play-services-auth:17.0.0] AndroidManifest.xml:34:13-89
220            android:exported="true"
220-->[com.google.android.gms:play-services-auth:17.0.0] AndroidManifest.xml:35:13-36
221            android:permission="com.google.android.gms.auth.api.signin.permission.REVOCATION_NOTIFICATION" />
221-->[com.google.android.gms:play-services-auth:17.0.0] AndroidManifest.xml:36:13-107
222
223        <activity
223-->[com.google.android.gms:play-services-base:17.1.0] AndroidManifest.xml:23:9-26:75
224            android:name="com.google.android.gms.common.api.GoogleApiActivity"
224-->[com.google.android.gms:play-services-base:17.1.0] AndroidManifest.xml:24:13-79
225            android:exported="false"
225-->[com.google.android.gms:play-services-base:17.1.0] AndroidManifest.xml:25:13-37
226            android:theme="@android:style/Theme.Translucent.NoTitleBar" />
226-->[com.google.android.gms:play-services-base:17.1.0] AndroidManifest.xml:26:13-72
227
228        <receiver
228-->[com.google.android.gms:play-services-measurement:18.0.2] AndroidManifest.xml:29:9-33:20
229            android:name="com.google.android.gms.measurement.AppMeasurementReceiver"
229-->[com.google.android.gms:play-services-measurement:18.0.2] AndroidManifest.xml:30:13-85
230            android:enabled="true"
230-->[com.google.android.gms:play-services-measurement:18.0.2] AndroidManifest.xml:31:13-35
231            android:exported="false" >
231-->[com.google.android.gms:play-services-measurement:18.0.2] AndroidManifest.xml:32:13-37
232        </receiver>
233
234        <service
234-->[com.google.android.gms:play-services-measurement:18.0.2] AndroidManifest.xml:35:9-38:40
235            android:name="com.google.android.gms.measurement.AppMeasurementService"
235-->[com.google.android.gms:play-services-measurement:18.0.2] AndroidManifest.xml:36:13-84
236            android:enabled="true"
236-->[com.google.android.gms:play-services-measurement:18.0.2] AndroidManifest.xml:37:13-35
237            android:exported="false" />
237-->[com.google.android.gms:play-services-measurement:18.0.2] AndroidManifest.xml:38:13-37
238        <service
238-->[com.google.android.gms:play-services-measurement:18.0.2] AndroidManifest.xml:39:9-43:72
239            android:name="com.google.android.gms.measurement.AppMeasurementJobService"
239-->[com.google.android.gms:play-services-measurement:18.0.2] AndroidManifest.xml:40:13-87
240            android:enabled="true"
240-->[com.google.android.gms:play-services-measurement:18.0.2] AndroidManifest.xml:41:13-35
241            android:exported="false"
241-->[com.google.android.gms:play-services-measurement:18.0.2] AndroidManifest.xml:42:13-37
242            android:permission="android.permission.BIND_JOB_SERVICE" />
242-->[com.google.android.gms:play-services-measurement:18.0.2] AndroidManifest.xml:43:13-69
243
244        <provider
244-->[com.google.firebase:firebase-common:19.5.0] AndroidManifest.xml:26:9-31:39
245            android:name="com.google.firebase.provider.FirebaseInitProvider"
245-->[com.google.firebase:firebase-common:19.5.0] AndroidManifest.xml:27:13-77
246            android:authorities="redbull.ecard.firebaseinitprovider"
246-->[com.google.firebase:firebase-common:19.5.0] AndroidManifest.xml:28:13-72
247            android:directBootAware="true"
247-->[com.google.firebase:firebase-common:19.5.0] AndroidManifest.xml:29:13-43
248            android:exported="false"
248-->[com.google.firebase:firebase-common:19.5.0] AndroidManifest.xml:30:13-37
249            android:initOrder="100" />
249-->[com.google.firebase:firebase-common:19.5.0] AndroidManifest.xml:31:13-36
250        <provider
250-->[androidx.lifecycle:lifecycle-process:2.1.0] AndroidManifest.xml:23:9-27:43
251            android:name="androidx.lifecycle.ProcessLifecycleOwnerInitializer"
251-->[androidx.lifecycle:lifecycle-process:2.1.0] AndroidManifest.xml:24:13-79
252            android:authorities="redbull.ecard.lifecycle-process"
252-->[androidx.lifecycle:lifecycle-process:2.1.0] AndroidManifest.xml:25:13-69
253            android:exported="false"
253-->[androidx.lifecycle:lifecycle-process:2.1.0] AndroidManifest.xml:26:13-37
254            android:multiprocess="true" />
254-->[androidx.lifecycle:lifecycle-process:2.1.0] AndroidManifest.xml:27:13-40
255    </application>
256
257</manifest>